{"uuid":"d6e45dd1-1767-46b0-baff-372beb1d9793","name":"tests.gui.phpTravels.TestRegistration.afterMehtod","children":["e83d976e-c595-446d-bdac-4703e0b57e14"],"description":"","befores":[],"afters":[{"name":"afterMehtod","status":"failed","statusDetails":{"known":false,"muted":false,"flaky":false,"message":"Browser Action [getCurrentURL] failed.","trace":"java.lang.AssertionError: Browser Action [getCurrentURL] failed.\r\n\tat org.testng.Assert.fail(Assert.java:85)\r\n\tat com.shaft.gui.browser.BrowserActions.failAction(BrowserActions.java:61)\r\n\tat com.shaft.gui.browser.BrowserActions.failAction(BrowserActions.java:54)\r\n\tat com.shaft.gui.browser.BrowserActions.getCurrentURL(BrowserActions.java:198)\r\n\tat tests.gui.phpTravels.TestRegistration.afterMehtod(TestRegistration.java:143)\r\n\tat java.base/jdk.internal.reflect.NativeMethodAccessorImpl.invoke0(Native Method)\r\n\tat java.base/jdk.internal.reflect.NativeMethodAccessorImpl.invoke(NativeMethodAccessorImpl.java:62)\r\n\tat java.base/jdk.internal.reflect.DelegatingMethodAccessorImpl.invoke(DelegatingMethodAccessorImpl.java:43)\r\n\tat java.base/java.lang.reflect.Method.invoke(Method.java:567)\r\n\tat org.testng.internal.MethodInvocationHelper.invokeMethod(MethodInvocationHelper.java:133)\r\n\tat org.testng.internal.MethodInvocationHelper.invokeMethodConsideringTimeout(MethodInvocationHelper.java:62)\r\n\tat org.testng.internal.ConfigInvoker.invokeConfigurationMethod(ConfigInvoker.java:340)\r\n\tat org.testng.internal.ConfigInvoker.invokeConfigurations(ConfigInvoker.java:294)\r\n\tat org.testng.internal.TestInvoker.runConfigMethods(TestInvoker.java:683)\r\n\tat org.testng.internal.TestInvoker.runAfterGroupsConfigurations(TestInvoker.java:658)\r\n\tat org.testng.internal.TestInvoker.invokeMethod(TestInvoker.java:642)\r\n\tat org.testng.internal.TestInvoker.invokeTestMethod(TestInvoker.java:172)\r\n\tat org.testng.internal.MethodRunner.runInSequence(MethodRunner.java:46)\r\n\tat org.testng.internal.TestInvoker$MethodInvocationAgent.invoke(TestInvoker.java:804)\r\n\tat org.testng.internal.TestInvoker.invokeTestMethods(TestInvoker.java:145)\r\n\tat org.testng.internal.TestMethodWorker.invokeTestMethods(TestMethodWorker.java:146)\r\n\tat org.testng.internal.TestMethodWorker.run(TestMethodWorker.java:128)\r\n\tat java.base/java.util.ArrayList.forEach(ArrayList.java:1507)\r\n\tat org.testng.TestRunner.privateRun(TestRunner.java:770)\r\n\tat org.testng.TestRunner.run(TestRunner.java:591)\r\n\tat org.testng.SuiteRunner.runTest(SuiteRunner.java:402)\r\n\tat org.testng.SuiteRunner.runSequentially(SuiteRunner.java:396)\r\n\tat org.testng.SuiteRunner.privateRun(SuiteRunner.java:355)\r\n\tat org.testng.SuiteRunner.run(SuiteRunner.java:304)\r\n\tat org.testng.SuiteRunnerWorker.runSuite(SuiteRunnerWorker.java:53)\r\n\tat org.testng.SuiteRunnerWorker.run(SuiteRunnerWorker.java:96)\r\n\tat org.testng.TestNG.runSuitesSequentially(TestNG.java:1180)\r\n\tat org.testng.TestNG.runSuitesLocally(TestNG.java:1102)\r\n\tat org.testng.TestNG.runSuites(TestNG.java:1032)\r\n\tat org.testng.TestNG.run(TestNG.java:1000)\r\n\tat org.testng.remote.AbstractRemoteTestNG.run(AbstractRemoteTestNG.java:115)\r\n\tat org.testng.remote.RemoteTestNG.initAndRun(RemoteTestNG.java:251)\r\n\tat org.testng.remote.RemoteTestNG.main(RemoteTestNG.java:77)\r\nCaused by: org.openqa.selenium.NoSuchWindowException: no such window: target window already closed\nfrom unknown error: web view not found\n  (Session info: chrome=80.0.3987.149)\nBuild info: version: '3.141.59', revision: 'e82be7d358', time: '2018-11-14T08:17:03'\nSystem info: host: 'MAMDOUH-PC', ip: '192.168.1.11', os.name: 'Windows 10', os.arch: 'amd64', os.version: '10.0', java.version: '13.0.1'\nDriver info: org.openqa.selenium.chrome.ChromeDriver\nCapabilities {acceptInsecureCerts: false, browserName: chrome, browserVersion: 80.0.3987.149, chrome: {chromedriverVersion: 80.0.3987.106 (f68069574609..., userDataDir: C:\\Users\\Mamdouh\\AppData\\Lo...}, goog:chromeOptions: {debuggerAddress: localhost:62879}, javascriptEnabled: true, networkConnectionEnabled: false, pageLoadStrategy: normal, platform: WINDOWS, platformName: WINDOWS, proxy: Proxy(), setWindowRect: true, strictFileInteractability: false, timeouts: {implicit: 0, pageLoad: 300000, script: 30000}, unhandledPromptBehavior: dismiss and notify}\nSession ID: 7ed827dae5fa2808ee0c87c0941dabcd\r\n\tat java.base/jdk.internal.reflect.NativeConstructorAccessorImpl.newInstance0(Native Method)\r\n\tat java.base/jdk.internal.reflect.NativeConstructorAccessorImpl.newInstance(NativeConstructorAccessorImpl.java:62)\r\n\tat java.base/jdk.internal.reflect.DelegatingConstructorAccessorImpl.newInstance(DelegatingConstructorAccessorImpl.java:45)\r\n\tat java.base/java.lang.reflect.Constructor.newInstanceWithCaller(Constructor.java:500)\r\n\tat java.base/java.lang.reflect.Constructor.newInstance(Constructor.java:481)\r\n\tat org.openqa.selenium.remote.http.W3CHttpResponseCodec.createException(W3CHttpResponseCodec.java:187)\r\n\tat org.openqa.selenium.remote.http.W3CHttpResponseCodec.decode(W3CHttpResponseCodec.java:122)\r\n\tat org.openqa.selenium.remote.http.W3CHttpResponseCodec.decode(W3CHttpResponseCodec.java:49)\r\n\tat org.openqa.selenium.remote.HttpCommandExecutor.execute(HttpCommandExecutor.java:158)\r\n\tat org.openqa.selenium.remote.service.DriverCommandExecutor.execute(DriverCommandExecutor.java:83)\r\n\tat org.openqa.selenium.remote.RemoteWebDriver.execute(RemoteWebDriver.java:552)\r\n\tat org.openqa.selenium.remote.RemoteWebDriver.execute(RemoteWebDriver.java:609)\r\n\tat org.openqa.selenium.remote.RemoteWebDriver.getCurrentUrl(RemoteWebDriver.java:287)\r\n\tat com.shaft.gui.browser.BrowserActions.getCurrentURL(BrowserActions.java:194)\r\n\t... 34 more\r\n"},"stage":"finished","description":"","steps":[{"name":"Action [36]: An Exception Occured with this Message: no such window: target window already closed.","status":"passed","stage":"finished","steps":[],"attachments":[{"name":"Attachment: Exception Stack Trace - org.openqa.selenium.NoSuchWindowException","source":"a126274c-942d-4614-9534-4b6f99d126c2-attachment"}],"parameters":[{"name":"logText","value":"An Exception Occured with this Message: no such window: target window already closed."},{"name":"actionCounter","value":"36"},{"name":"attachments","value":"[[Exception Stack Trace, org.openqa.selenium.NoSuchWindowException, org.openqa.selenium.NoSuchWindowException:\r\nno such window: target window already closed\nfrom unknown error: web view not found\n  (Session info: chrome=80.0.3987.149)\nBuild info: version: '3.141.59', revision: 'e82be7d358', time: '2018-11-14T08:17:03'\nSystem info: host: 'MAMDOUH-PC', ip: '192.168.1.11', os.name: 'Windows 10', os.arch: 'amd64', os.version: '10.0', java.version: '13.0.1'\nDriver info: org.openqa.selenium.chrome.ChromeDriver\nCapabilities {acceptInsecureCerts: false, browserName: chrome, browserVersion: 80.0.3987.149, chrome: {chromedriverVersion: 80.0.3987.106 (f68069574609..., userDataDir: C:\\Users\\Mamdouh\\AppData\\Lo...}, goog:chromeOptions: {debuggerAddress: localhost:62879}, javascriptEnabled: true, networkConnectionEnabled: false, pageLoadStrategy: normal, platform: WINDOWS, platformName: WINDOWS, proxy: Proxy(), setWindowRect: true, strictFileInteractability: false, timeouts: {implicit: 0, pageLoad: 300000, script: 30000}, unhandledPromptBehavior: dismiss and notify}\nSession ID: 7ed827dae5fa2808ee0c87c0941dabcd\r\njava.base/jdk.internal.reflect.NativeConstructorAccessorImpl.newInstance0(Native Method)\r\njava.base/jdk.internal.reflect.NativeConstructorAccessorImpl.newInstance(NativeConstructorAccessorImpl.java:62)\r\njava.base/jdk.internal.reflect.DelegatingConstructorAccessorImpl.newInstance(DelegatingConstructorAccessorImpl.java:45)\r\njava.base/java.lang.reflect.Constructor.newInstanceWithCaller(Constructor.java:500)\r\njava.base/java.lang.reflect.Constructor.newInstance(Constructor.java:481)\r\norg.openqa.selenium.remote.http.W3CHttpResponseCodec.createException(W3CHttpResponseCodec.java:187)\r\norg.openqa.selenium.remote.http.W3CHttpResponseCodec.decode(W3CHttpResponseCodec.java:122)\r\norg.openqa.selenium.remote.http.W3CHttpResponseCodec.decode(W3CHttpResponseCodec.java:49)\r\norg.openqa.selenium.remote.HttpCommandExecutor.execute(HttpCommandExecutor.java:158)\r\norg.openqa.selenium.remote.service.DriverCommandExecutor.execute(DriverCommandExecutor.java:83)\r\norg.openqa.selenium.remote.RemoteWebDriver.execute(RemoteWebDriver.java:552)\r\norg.openqa.selenium.remote.RemoteWebDriver.execute(RemoteWebDriver.java:609)\r\norg.openqa.selenium.remote.RemoteWebDriver.getCurrentUrl(RemoteWebDriver.java:287)\r\ncom.shaft.gui.browser.BrowserActions.getCurrentURL(BrowserActions.java:194)\r\ntests.gui.phpTravels.TestRegistration.afterMehtod(TestRegistration.java:143)\r\njava.base/jdk.internal.reflect.NativeMethodAccessorImpl.invoke0(Native Method)\r\njava.base/jdk.internal.reflect.NativeMethodAccessorImpl.invoke(NativeMethodAccessorImpl.java:62)\r\njava.base/jdk.internal.reflect.DelegatingMethodAccessorImpl.invoke(DelegatingMethodAccessorImpl.java:43)\r\njava.base/java.lang.reflect.Method.invoke(Method.java:567)\r\norg.testng.internal.MethodInvocationHelper.invokeMethod(MethodInvocationHelper.java:133)\r\norg.testng.internal.MethodInvocationHelper.invokeMethodConsideringTimeout(MethodInvocationHelper.java:62)\r\norg.testng.internal.ConfigInvoker.invokeConfigurationMethod(ConfigInvoker.java:340)\r\norg.testng.internal.ConfigInvoker.invokeConfigurations(ConfigInvoker.java:294)\r\norg.testng.internal.TestInvoker.runConfigMethods(TestInvoker.java:683)\r\norg.testng.internal.TestInvoker.runAfterGroupsConfigurations(TestInvoker.java:658)\r\norg.testng.internal.TestInvoker.invokeMethod(TestInvoker.java:642)\r\norg.testng.internal.TestInvoker.invokeTestMethod(TestInvoker.java:172)\r\norg.testng.internal.MethodRunner.runInSequence(MethodRunner.java:46)\r\norg.testng.internal.TestInvoker$MethodInvocationAgent.invoke(TestInvoker.java:804)\r\norg.testng.internal.TestInvoker.invokeTestMethods(TestInvoker.java:145)\r\norg.testng.internal.TestMethodWorker.invokeTestMethods(TestMethodWorker.java:146)\r\norg.testng.internal.TestMethodWorker.run(TestMethodWorker.java:128)\r\njava.base/java.util.ArrayList.forEach(ArrayList.java:1507)\r\norg.testng.TestRunner.privateRun(TestRunner.java:770)\r\norg.testng.TestRunner.run(TestRunner.java:591)\r\norg.testng.SuiteRunner.runTest(SuiteRunner.java:402)\r\norg.testng.SuiteRunner.runSequentially(SuiteRunner.java:396)\r\norg.testng.SuiteRunner.privateRun(SuiteRunner.java:355)\r\norg.testng.SuiteRunner.run(SuiteRunner.java:304)\r\norg.testng.SuiteRunnerWorker.runSuite(SuiteRunnerWorker.java:53)\r\norg.testng.SuiteRunnerWorker.run(SuiteRunnerWorker.java:96)\r\norg.testng.TestNG.runSuitesSequentially(TestNG.java:1180)\r\norg.testng.TestNG.runSuitesLocally(TestNG.java:1102)\r\norg.testng.TestNG.runSuites(TestNG.java:1032)\r\norg.testng.TestNG.run(TestNG.java:1000)\r\norg.testng.remote.AbstractRemoteTestNG.run(AbstractRemoteTestNG.java:115)\r\norg.testng.remote.RemoteTestNG.initAndRun(RemoteTestNG.java:251)\r\norg.testng.remote.RemoteTestNG.main(RemoteTestNG.java:77)\r\n]]"}],"start":1585555809148,"stop":1585555809151},{"name":"Action [38]: An Exception Occured with this Message: no such window: target window already closed.","status":"passed","stage":"finished","steps":[],"attachments":[{"name":"Attachment: Exception Stack Trace - org.openqa.selenium.NoSuchWindowException","source":"4d4a9662-7f00-431c-9ec5-5cccb193e9e4-attachment"}],"parameters":[{"name":"logText","value":"An Exception Occured with this Message: no such window: target window already closed."},{"name":"actionCounter","value":"38"},{"name":"attachments","value":"[[Exception Stack Trace, org.openqa.selenium.NoSuchWindowException, org.openqa.selenium.NoSuchWindowException:\r\nno such window: target window already closed\nfrom unknown error: web view not found\n  (Session info: chrome=80.0.3987.149)\nBuild info: version: '3.141.59', revision: 'e82be7d358', time: '2018-11-14T08:17:03'\nSystem info: host: 'MAMDOUH-PC', ip: '192.168.1.11', os.name: 'Windows 10', os.arch: 'amd64', os.version: '10.0', java.version: '13.0.1'\nDriver info: org.openqa.selenium.chrome.ChromeDriver\nCapabilities {acceptInsecureCerts: false, browserName: chrome, browserVersion: 80.0.3987.149, chrome: {chromedriverVersion: 80.0.3987.106 (f68069574609..., userDataDir: C:\\Users\\Mamdouh\\AppData\\Lo...}, goog:chromeOptions: {debuggerAddress: localhost:62879}, javascriptEnabled: true, networkConnectionEnabled: false, pageLoadStrategy: normal, platform: WINDOWS, platformName: WINDOWS, proxy: Proxy(), setWindowRect: true, strictFileInteractability: false, timeouts: {implicit: 0, pageLoad: 300000, script: 30000}, unhandledPromptBehavior: dismiss and notify}\nSession ID: 7ed827dae5fa2808ee0c87c0941dabcd\r\njava.base/jdk.internal.reflect.NativeConstructorAccessorImpl.newInstance0(Native Method)\r\njava.base/jdk.internal.reflect.NativeConstructorAccessorImpl.newInstance(NativeConstructorAccessorImpl.java:62)\r\njava.base/jdk.internal.reflect.DelegatingConstructorAccessorImpl.newInstance(DelegatingConstructorAccessorImpl.java:45)\r\njava.base/java.lang.reflect.Constructor.newInstanceWithCaller(Constructor.java:500)\r\njava.base/java.lang.reflect.Constructor.newInstance(Constructor.java:481)\r\norg.openqa.selenium.remote.http.W3CHttpResponseCodec.createException(W3CHttpResponseCodec.java:187)\r\norg.openqa.selenium.remote.http.W3CHttpResponseCodec.decode(W3CHttpResponseCodec.java:122)\r\norg.openqa.selenium.remote.http.W3CHttpResponseCodec.decode(W3CHttpResponseCodec.java:49)\r\norg.openqa.selenium.remote.HttpCommandExecutor.execute(HttpCommandExecutor.java:158)\r\norg.openqa.selenium.remote.service.DriverCommandExecutor.execute(DriverCommandExecutor.java:83)\r\norg.openqa.selenium.remote.RemoteWebDriver.execute(RemoteWebDriver.java:552)\r\norg.openqa.selenium.remote.RemoteWebDriver.execute(RemoteWebDriver.java:609)\r\norg.openqa.selenium.remote.RemoteWebDriver.getScreenshotAs(RemoteWebDriver.java:295)\r\ncom.shaft.gui.image.ScreenshotManager.takeScreenshot(ScreenshotManager.java:288)\r\ncom.shaft.gui.image.ScreenshotManager.internalCaptureScreenShot(ScreenshotManager.java:240)\r\ncom.shaft.gui.image.ScreenshotManager.captureScreenShot(ScreenshotManager.java:111)\r\ncom.shaft.gui.browser.BrowserActions.reportActionResult(BrowserActions.java:86)\r\ncom.shaft.gui.browser.BrowserActions.failAction(BrowserActions.java:59)\r\ncom.shaft.gui.browser.BrowserActions.failAction(BrowserActions.java:54)\r\ncom.shaft.gui.browser.BrowserActions.getCurrentURL(BrowserActions.java:198)\r\ntests.gui.phpTravels.TestRegistration.afterMehtod(TestRegistration.java:143)\r\njava.base/jdk.internal.reflect.NativeMethodAccessorImpl.invoke0(Native Method)\r\njava.base/jdk.internal.reflect.NativeMethodAccessorImpl.invoke(NativeMethodAccessorImpl.java:62)\r\njava.base/jdk.internal.reflect.DelegatingMethodAccessorImpl.invoke(DelegatingMethodAccessorImpl.java:43)\r\njava.base/java.lang.reflect.Method.invoke(Method.java:567)\r\norg.testng.internal.MethodInvocationHelper.invokeMethod(MethodInvocationHelper.java:133)\r\norg.testng.internal.MethodInvocationHelper.invokeMethodConsideringTimeout(MethodInvocationHelper.java:62)\r\norg.testng.internal.ConfigInvoker.invokeConfigurationMethod(ConfigInvoker.java:340)\r\norg.testng.internal.ConfigInvoker.invokeConfigurations(ConfigInvoker.java:294)\r\norg.testng.internal.TestInvoker.runConfigMethods(TestInvoker.java:683)\r\norg.testng.internal.TestInvoker.runAfterGroupsConfigurations(TestInvoker.java:658)\r\norg.testng.internal.TestInvoker.invokeMethod(TestInvoker.java:642)\r\norg.testng.internal.TestInvoker.invokeTestMethod(TestInvoker.java:172)\r\norg.testng.internal.MethodRunner.runInSequence(MethodRunner.java:46)\r\norg.testng.internal.TestInvoker$MethodInvocationAgent.invoke(TestInvoker.java:804)\r\norg.testng.internal.TestInvoker.invokeTestMethods(TestInvoker.java:145)\r\norg.testng.internal.TestMethodWorker.invokeTestMethods(TestMethodWorker.java:146)\r\norg.testng.internal.TestMethodWorker.run(TestMethodWorker.java:128)\r\njava.base/java.util.ArrayList.forEach(ArrayList.java:1507)\r\norg.testng.TestRunner.privateRun(TestRunner.java:770)\r\norg.testng.TestRunner.run(TestRunner.java:591)\r\norg.testng.SuiteRunner.runTest(SuiteRunner.java:402)\r\norg.testng.SuiteRunner.runSequentially(SuiteRunner.java:396)\r\norg.testng.SuiteRunner.privateRun(SuiteRunner.java:355)\r\norg.testng.SuiteRunner.run(SuiteRunner.java:304)\r\norg.testng.SuiteRunnerWorker.runSuite(SuiteRunnerWorker.java:53)\r\norg.testng.SuiteRunnerWorker.run(SuiteRunnerWorker.java:96)\r\norg.testng.TestNG.runSuitesSequentially(TestNG.java:1180)\r\norg.testng.TestNG.runSuitesLocally(TestNG.java:1102)\r\norg.testng.TestNG.runSuites(TestNG.java:1032)\r\norg.testng.TestNG.run(TestNG.java:1000)\r\norg.testng.remote.AbstractRemoteTestNG.run(AbstractRemoteTestNG.java:115)\r\norg.testng.remote.RemoteTestNG.initAndRun(RemoteTestNG.java:251)\r\norg.testng.remote.RemoteTestNG.main(RemoteTestNG.java:77)\r\n]]"}],"start":1585555809154,"stop":1585555809157},{"name":"Action [40]: Browser Action [getCurrentURL] failed.","status":"passed","stage":"finished","steps":[],"attachments":[],"parameters":[{"name":"logText","value":"Browser Action [getCurrentURL] failed."},{"name":"actionCounter","value":"40"},{"name":"attachments","value":"[null]"}],"start":1585555809157,"stop":1585555809157}],"attachments":[{"name":"Attachment: SHAFT Engine Logs - Current Method log: afterMehtod","source":"371ecaea-e128-4d4a-8734-9e79d2a8bd31-attachment.txt","type":"text/plain"}],"parameters":[],"start":1585555809146,"stop":1585555809161}],"links":[],"start":1585555809145,"stop":1585555809161}