{"name":"TC006 - Email format validation","status":"failed","statusDetails":{"known":false,"muted":false,"flaky":false,"message":"Browser Action [getCurrentURL] failed. With the following test data [https://www.phptravels.net/account/].","trace":"java.lang.AssertionError: Browser Action [getCurrentURL] failed. With the following test data [https://www.phptravels.net/account/].\r\n\tat org.testng.Assert.fail(Assert.java:85)\r\n\tat com.shaft.gui.browser.BrowserActions.failAction(BrowserActions.java:61)\r\n\tat com.shaft.gui.browser.BrowserActions.failAction(BrowserActions.java:54)\r\n\tat com.shaft.gui.browser.BrowserActions.getCurrentURL(BrowserActions.java:198)\r\n\tat objectModels.gui.phpTravels.SignUpFormPage.assertThatUserRegisteredWithInvalidData(SignUpFormPage.java:146)\r\n\tat objectModels.gui.phpTravels.SignUpFormPage.assertIfUserCanRegisterWithInvalidData(SignUpFormPage.java:140)\r\n\tat objectModels.gui.phpTravels.SignUpFormPage.signUpWithWithInvalidEmailFormat(SignUpFormPage.java:85)\r\n\tat tests.gui.phpTravels.TestRegistration.testEmailFormatValidation(TestRegistration.java:83)\r\n\tat java.base/jdk.internal.reflect.NativeMethodAccessorImpl.invoke0(Native Method)\r\n\tat java.base/jdk.internal.reflect.NativeMethodAccessorImpl.invoke(NativeMethodAccessorImpl.java:62)\r\n\tat java.base/jdk.internal.reflect.DelegatingMethodAccessorImpl.invoke(DelegatingMethodAccessorImpl.java:43)\r\n\tat java.base/java.lang.reflect.Method.invoke(Method.java:567)\r\n\tat org.testng.internal.MethodInvocationHelper.invokeMethod(MethodInvocationHelper.java:133)\r\n\tat org.testng.internal.TestInvoker.invokeMethod(TestInvoker.java:584)\r\n\tat org.testng.internal.TestInvoker.invokeTestMethod(TestInvoker.java:172)\r\n\tat org.testng.internal.MethodRunner.runInSequence(MethodRunner.java:46)\r\n\tat org.testng.internal.TestInvoker$MethodInvocationAgent.invoke(TestInvoker.java:804)\r\n\tat org.testng.internal.TestInvoker.invokeTestMethods(TestInvoker.java:145)\r\n\tat org.testng.internal.TestMethodWorker.invokeTestMethods(TestMethodWorker.java:146)\r\n\tat org.testng.internal.TestMethodWorker.run(TestMethodWorker.java:128)\r\n\tat java.base/java.util.ArrayList.forEach(ArrayList.java:1507)\r\n\tat org.testng.TestRunner.privateRun(TestRunner.java:770)\r\n\tat org.testng.TestRunner.run(TestRunner.java:591)\r\n\tat org.testng.SuiteRunner.runTest(SuiteRunner.java:402)\r\n\tat org.testng.SuiteRunner.runSequentially(SuiteRunner.java:396)\r\n\tat org.testng.SuiteRunner.privateRun(SuiteRunner.java:355)\r\n\tat org.testng.SuiteRunner.run(SuiteRunner.java:304)\r\n\tat org.testng.SuiteRunnerWorker.runSuite(SuiteRunnerWorker.java:53)\r\n\tat org.testng.SuiteRunnerWorker.run(SuiteRunnerWorker.java:96)\r\n\tat org.testng.TestNG.runSuitesSequentially(TestNG.java:1180)\r\n\tat org.testng.TestNG.runSuitesLocally(TestNG.java:1102)\r\n\tat org.testng.TestNG.runSuites(TestNG.java:1032)\r\n\tat org.testng.TestNG.run(TestNG.java:1000)\r\n\tat org.testng.remote.AbstractRemoteTestNG.run(AbstractRemoteTestNG.java:115)\r\n\tat org.testng.remote.RemoteTestNG.initAndRun(RemoteTestNG.java:251)\r\n\tat org.testng.remote.RemoteTestNG.main(RemoteTestNG.java:77)\r\nCaused by: java.lang.RuntimeException: Unexpected result for screenshot command: null\r\n\tat org.openqa.selenium.remote.RemoteWebDriver.getScreenshotAs(RemoteWebDriver.java:304)\r\n\tat com.shaft.gui.image.ScreenshotManager.takeScreenshot(ScreenshotManager.java:288)\r\n\tat com.shaft.gui.image.ScreenshotManager.internalCaptureScreenShot(ScreenshotManager.java:240)\r\n\tat com.shaft.gui.image.ScreenshotManager.captureScreenShot(ScreenshotManager.java:111)\r\n\tat com.shaft.gui.browser.BrowserActions.reportActionResult(BrowserActions.java:86)\r\n\tat com.shaft.gui.browser.BrowserActions.passAction(BrowserActions.java:44)\r\n\tat com.shaft.gui.browser.BrowserActions.passAction(BrowserActions.java:40)\r\n\tat com.shaft.gui.browser.BrowserActions.getCurrentURL(BrowserActions.java:195)\r\n\t... 32 more\r\n"},"stage":"finished","description":"Check if user can register successfuly with invalid Email format (example@mail.com e.g,)","steps":[{"name":"Action [23]: Element Action [type] successfully performed. With the following test data [Pixelogic].","status":"passed","stage":"finished","steps":[],"attachments":[],"parameters":[{"name":"logText","value":"Element Action [type] successfully performed. With the following test data [Pixelogic]."},{"name":"actionCounter","value":"23"}],"start":1585555793409,"stop":1585555793409},{"name":"Action [24]: Element Action [type] successfully performed. With the following test data [Emerge].","status":"passed","stage":"finished","steps":[],"attachments":[],"parameters":[{"name":"logText","value":"Element Action [type] successfully performed. With the following test data [Emerge]."},{"name":"actionCounter","value":"24"}],"start":1585555795438,"stop":1585555795438},{"name":"Action [25]: Element Action [type] successfully performed. With the following test data [00966552834612].","status":"passed","stage":"finished","steps":[],"attachments":[],"parameters":[{"name":"logText","value":"Element Action [type] successfully performed. With the following test data [00966552834612]."},{"name":"actionCounter","value":"25"}],"start":1585555797432,"stop":1585555797433},{"name":"Action [26]: Element Action [type] successfully performed. With the following test data [emerge1@zz.n].","status":"passed","stage":"finished","steps":[],"attachments":[],"parameters":[{"name":"logText","value":"Element Action [type] successfully performed. With the following test data [emerge1@zz.n]."},{"name":"actionCounter","value":"26"}],"start":1585555799457,"stop":1585555799458},{"name":"Action [27]: Element Action [type] successfully performed. With the following test data [Zain2412].","status":"passed","stage":"finished","steps":[],"attachments":[],"parameters":[{"name":"logText","value":"Element Action [type] successfully performed. With the following test data [Zain2412]."},{"name":"actionCounter","value":"27"}],"start":1585555801431,"stop":1585555801431},{"name":"Action [28]: Element Action [type] successfully performed. With the following test data [Zain2412].","status":"passed","stage":"finished","steps":[],"attachments":[],"parameters":[{"name":"logText","value":"Element Action [type] successfully performed. With the following test data [Zain2412]."},{"name":"actionCounter","value":"28"}],"start":1585555803415,"stop":1585555803416},{"name":"Action [29]: Element Action [click] successfully performed. With the following test data [SIGN UP].","status":"passed","stage":"finished","steps":[],"attachments":[],"parameters":[{"name":"logText","value":"Element Action [click] successfully performed. With the following test data [SIGN UP]."},{"name":"actionCounter","value":"29"}],"start":1585555806324,"stop":1585555806324},{"name":"Action [30]: Browser Action [getCurrentURL] successfully performed. With the following test data [https://www.phptravels.net/account/].","status":"passed","stage":"finished","steps":[],"attachments":[],"parameters":[{"name":"logText","value":"Browser Action [getCurrentURL] successfully performed. With the following test data [https://www.phptravels.net/account/]."},{"name":"actionCounter","value":"30"},{"name":"attachments","value":"[null]"}],"start":1585555808987,"stop":1585555808987},{"name":"Action [31]: An Exception Occured with this Message: Unexpected result for screenshot command: null.","status":"passed","stage":"finished","steps":[],"attachments":[{"name":"Attachment: Exception Stack Trace - java.lang.RuntimeException","source":"e35b97ff-9d29-468a-9046-621aff960d02-attachment"}],"parameters":[{"name":"logText","value":"An Exception Occured with this Message: Unexpected result for screenshot command: null."},{"name":"actionCounter","value":"31"},{"name":"attachments","value":"[[Exception Stack Trace, java.lang.RuntimeException, java.lang.RuntimeException:\r\nUnexpected result for screenshot command: null\r\norg.openqa.selenium.remote.RemoteWebDriver.getScreenshotAs(RemoteWebDriver.java:304)\r\ncom.shaft.gui.image.ScreenshotManager.takeScreenshot(ScreenshotManager.java:288)\r\ncom.shaft.gui.image.ScreenshotManager.internalCaptureScreenShot(ScreenshotManager.java:240)\r\ncom.shaft.gui.image.ScreenshotManager.captureScreenShot(ScreenshotManager.java:111)\r\ncom.shaft.gui.browser.BrowserActions.reportActionResult(BrowserActions.java:86)\r\ncom.shaft.gui.browser.BrowserActions.passAction(BrowserActions.java:44)\r\ncom.shaft.gui.browser.BrowserActions.passAction(BrowserActions.java:40)\r\ncom.shaft.gui.browser.BrowserActions.getCurrentURL(BrowserActions.java:195)\r\nobjectModels.gui.phpTravels.SignUpFormPage.assertThatUserRegisteredWithInvalidData(SignUpFormPage.java:146)\r\nobjectModels.gui.phpTravels.SignUpFormPage.assertIfUserCanRegisterWithInvalidData(SignUpFormPage.java:140)\r\nobjectModels.gui.phpTravels.SignUpFormPage.signUpWithWithInvalidEmailFormat(SignUpFormPage.java:85)\r\ntests.gui.phpTravels.TestRegistration.testEmailFormatValidation(TestRegistration.java:83)\r\njava.base/jdk.internal.reflect.NativeMethodAccessorImpl.invoke0(Native Method)\r\njava.base/jdk.internal.reflect.NativeMethodAccessorImpl.invoke(NativeMethodAccessorImpl.java:62)\r\njava.base/jdk.internal.reflect.DelegatingMethodAccessorImpl.invoke(DelegatingMethodAccessorImpl.java:43)\r\njava.base/java.lang.reflect.Method.invoke(Method.java:567)\r\norg.testng.internal.MethodInvocationHelper.invokeMethod(MethodInvocationHelper.java:133)\r\norg.testng.internal.TestInvoker.invokeMethod(TestInvoker.java:584)\r\norg.testng.internal.TestInvoker.invokeTestMethod(TestInvoker.java:172)\r\norg.testng.internal.MethodRunner.runInSequence(MethodRunner.java:46)\r\norg.testng.internal.TestInvoker$MethodInvocationAgent.invoke(TestInvoker.java:804)\r\norg.testng.internal.TestInvoker.invokeTestMethods(TestInvoker.java:145)\r\norg.testng.internal.TestMethodWorker.invokeTestMethods(TestMethodWorker.java:146)\r\norg.testng.internal.TestMethodWorker.run(TestMethodWorker.java:128)\r\njava.base/java.util.ArrayList.forEach(ArrayList.java:1507)\r\norg.testng.TestRunner.privateRun(TestRunner.java:770)\r\norg.testng.TestRunner.run(TestRunner.java:591)\r\norg.testng.SuiteRunner.runTest(SuiteRunner.java:402)\r\norg.testng.SuiteRunner.runSequentially(SuiteRunner.java:396)\r\norg.testng.SuiteRunner.privateRun(SuiteRunner.java:355)\r\norg.testng.SuiteRunner.run(SuiteRunner.java:304)\r\norg.testng.SuiteRunnerWorker.runSuite(SuiteRunnerWorker.java:53)\r\norg.testng.SuiteRunnerWorker.run(SuiteRunnerWorker.java:96)\r\norg.testng.TestNG.runSuitesSequentially(TestNG.java:1180)\r\norg.testng.TestNG.runSuitesLocally(TestNG.java:1102)\r\norg.testng.TestNG.runSuites(TestNG.java:1032)\r\norg.testng.TestNG.run(TestNG.java:1000)\r\norg.testng.remote.AbstractRemoteTestNG.run(AbstractRemoteTestNG.java:115)\r\norg.testng.remote.RemoteTestNG.initAndRun(RemoteTestNG.java:251)\r\norg.testng.remote.RemoteTestNG.main(RemoteTestNG.java:77)\r\n]]"}],"start":1585555809098,"stop":1585555809101},{"name":"Action [33]: An Exception Occured with this Message: no such window: target window already closed.","status":"passed","stage":"finished","steps":[],"attachments":[{"name":"Attachment: Exception Stack Trace - org.openqa.selenium.NoSuchWindowException","source":"569dc10e-14b0-4606-b9be-a8e6fae45d38-attachment"}],"parameters":[{"name":"logText","value":"An Exception Occured with this Message: no such window: target window already closed."},{"name":"actionCounter","value":"33"},{"name":"attachments","value":"[[Exception Stack Trace, org.openqa.selenium.NoSuchWindowException, org.openqa.selenium.NoSuchWindowException:\r\nno such window: target window already closed\nfrom unknown error: web view not found\n  (Session info: chrome=80.0.3987.149)\nBuild info: version: '3.141.59', revision: 'e82be7d358', time: '2018-11-14T08:17:03'\nSystem info: host: 'MAMDOUH-PC', ip: '192.168.1.11', os.name: 'Windows 10', os.arch: 'amd64', os.version: '10.0', java.version: '13.0.1'\nDriver info: org.openqa.selenium.chrome.ChromeDriver\nCapabilities {acceptInsecureCerts: false, browserName: chrome, browserVersion: 80.0.3987.149, chrome: {chromedriverVersion: 80.0.3987.106 (f68069574609..., userDataDir: C:\\Users\\Mamdouh\\AppData\\Lo...}, goog:chromeOptions: {debuggerAddress: localhost:62879}, javascriptEnabled: true, networkConnectionEnabled: false, pageLoadStrategy: normal, platform: WINDOWS, platformName: WINDOWS, proxy: Proxy(), setWindowRect: true, strictFileInteractability: false, timeouts: {implicit: 0, pageLoad: 300000, script: 30000}, unhandledPromptBehavior: dismiss and notify}\nSession ID: 7ed827dae5fa2808ee0c87c0941dabcd\r\njava.base/jdk.internal.reflect.NativeConstructorAccessorImpl.newInstance0(Native Method)\r\njava.base/jdk.internal.reflect.NativeConstructorAccessorImpl.newInstance(NativeConstructorAccessorImpl.java:62)\r\njava.base/jdk.internal.reflect.DelegatingConstructorAccessorImpl.newInstance(DelegatingConstructorAccessorImpl.java:45)\r\njava.base/java.lang.reflect.Constructor.newInstanceWithCaller(Constructor.java:500)\r\njava.base/java.lang.reflect.Constructor.newInstance(Constructor.java:481)\r\norg.openqa.selenium.remote.http.W3CHttpResponseCodec.createException(W3CHttpResponseCodec.java:187)\r\norg.openqa.selenium.remote.http.W3CHttpResponseCodec.decode(W3CHttpResponseCodec.java:122)\r\norg.openqa.selenium.remote.http.W3CHttpResponseCodec.decode(W3CHttpResponseCodec.java:49)\r\norg.openqa.selenium.remote.HttpCommandExecutor.execute(HttpCommandExecutor.java:158)\r\norg.openqa.selenium.remote.service.DriverCommandExecutor.execute(DriverCommandExecutor.java:83)\r\norg.openqa.selenium.remote.RemoteWebDriver.execute(RemoteWebDriver.java:552)\r\norg.openqa.selenium.remote.RemoteWebDriver.execute(RemoteWebDriver.java:609)\r\norg.openqa.selenium.remote.RemoteWebDriver.getScreenshotAs(RemoteWebDriver.java:295)\r\ncom.shaft.gui.image.ScreenshotManager.takeScreenshot(ScreenshotManager.java:288)\r\ncom.shaft.gui.image.ScreenshotManager.internalCaptureScreenShot(ScreenshotManager.java:240)\r\ncom.shaft.gui.image.ScreenshotManager.captureScreenShot(ScreenshotManager.java:111)\r\ncom.shaft.gui.browser.BrowserActions.reportActionResult(BrowserActions.java:86)\r\ncom.shaft.gui.browser.BrowserActions.failAction(BrowserActions.java:59)\r\ncom.shaft.gui.browser.BrowserActions.failAction(BrowserActions.java:54)\r\ncom.shaft.gui.browser.BrowserActions.getCurrentURL(BrowserActions.java:198)\r\nobjectModels.gui.phpTravels.SignUpFormPage.assertThatUserRegisteredWithInvalidData(SignUpFormPage.java:146)\r\nobjectModels.gui.phpTravels.SignUpFormPage.assertIfUserCanRegisterWithInvalidData(SignUpFormPage.java:140)\r\nobjectModels.gui.phpTravels.SignUpFormPage.signUpWithWithInvalidEmailFormat(SignUpFormPage.java:85)\r\ntests.gui.phpTravels.TestRegistration.testEmailFormatValidation(TestRegistration.java:83)\r\njava.base/jdk.internal.reflect.NativeMethodAccessorImpl.invoke0(Native Method)\r\njava.base/jdk.internal.reflect.NativeMethodAccessorImpl.invoke(NativeMethodAccessorImpl.java:62)\r\njava.base/jdk.internal.reflect.DelegatingMethodAccessorImpl.invoke(DelegatingMethodAccessorImpl.java:43)\r\njava.base/java.lang.reflect.Method.invoke(Method.java:567)\r\norg.testng.internal.MethodInvocationHelper.invokeMethod(MethodInvocationHelper.java:133)\r\norg.testng.internal.TestInvoker.invokeMethod(TestInvoker.java:584)\r\norg.testng.internal.TestInvoker.invokeTestMethod(TestInvoker.java:172)\r\norg.testng.internal.MethodRunner.runInSequence(MethodRunner.java:46)\r\norg.testng.internal.TestInvoker$MethodInvocationAgent.invoke(TestInvoker.java:804)\r\norg.testng.internal.TestInvoker.invokeTestMethods(TestInvoker.java:145)\r\norg.testng.internal.TestMethodWorker.invokeTestMethods(TestMethodWorker.java:146)\r\norg.testng.internal.TestMethodWorker.run(TestMethodWorker.java:128)\r\njava.base/java.util.ArrayList.forEach(ArrayList.java:1507)\r\norg.testng.TestRunner.privateRun(TestRunner.java:770)\r\norg.testng.TestRunner.run(TestRunner.java:591)\r\norg.testng.SuiteRunner.runTest(SuiteRunner.java:402)\r\norg.testng.SuiteRunner.runSequentially(SuiteRunner.java:396)\r\norg.testng.SuiteRunner.privateRun(SuiteRunner.java:355)\r\norg.testng.SuiteRunner.run(SuiteRunner.java:304)\r\norg.testng.SuiteRunnerWorker.runSuite(SuiteRunnerWorker.java:53)\r\norg.testng.SuiteRunnerWorker.run(SuiteRunnerWorker.java:96)\r\norg.testng.TestNG.runSuitesSequentially(TestNG.java:1180)\r\norg.testng.TestNG.runSuitesLocally(TestNG.java:1102)\r\norg.testng.TestNG.runSuites(TestNG.java:1032)\r\norg.testng.TestNG.run(TestNG.java:1000)\r\norg.testng.remote.AbstractRemoteTestNG.run(AbstractRemoteTestNG.java:115)\r\norg.testng.remote.RemoteTestNG.initAndRun(RemoteTestNG.java:251)\r\norg.testng.remote.RemoteTestNG.main(RemoteTestNG.java:77)\r\n]]"}],"start":1585555809106,"stop":1585555809107},{"name":"Action [35]: Browser Action [getCurrentURL] failed. With the following test data [https://www.phptravels.net/account/].","status":"passed","stage":"finished","steps":[],"attachments":[],"parameters":[{"name":"logText","value":"Browser Action [getCurrentURL] failed. With the following test data [https://www.phptravels.net/account/]."},{"name":"actionCounter","value":"35"},{"name":"attachments","value":"[null]"}],"start":1585555809107,"stop":1585555809108}],"attachments":[{"name":"Attachment: Animated Gif - testEmailFormatValidation","source":"7469f5cf-2df9-41d6-90a3-a3f6ec1277c7-attachment.gif","type":"image/gif"},{"name":"Attachment: SHAFT Engine Logs - Current Method log: testEmailFormatValidation","source":"5cf3e54d-fd87-47f7-85f1-67354190cb67-attachment.txt","type":"text/plain"}],"parameters":[],"start":1585555790905,"stop":1585555809140,"uuid":"e83d976e-c595-446d-bdac-4703e0b57e14","historyId":"11715c296c67ba7f0830edf50cb3575","fullName":"tests.gui.phpTravels.TestRegistration.testEmailFormatValidation","labels":[{"name":"package","value":"tests.gui.phpTravels.TestRegistration"},{"name":"testClass","value":"tests.gui.phpTravels.TestRegistration"},{"name":"testMethod","value":"testEmailFormatValidation"},{"name":"parentSuite","value":"SHAFT_Engine: Custom Suite"},{"name":"suite","value":"SHAFT_Engine: Custom Test"},{"name":"subSuite","value":"tests.gui.phpTravels.TestRegistration"},{"name":"host","value":"Mamdouh-PC"},{"name":"thread","value":"11828@Mamdouh-PC.main(1)"},{"name":"framework","value":"testng"},{"name":"language","value":"java"},{"name":"story","value":"As a user when try to register, I have to write valid email format"},{"name":"severity","value":"blocker"}],"links":[]}